\BOOKMARK [0][-]{chapter*.1}{Resumen}{}% 1
\BOOKMARK [0][-]{chapter*.4}{Abstract}{}% 2
\BOOKMARK [0][-]{chapter*.5}{Agradecimientos}{}% 3
\BOOKMARK [0][-]{chapter*.6}{\315ndice general}{}% 4
\BOOKMARK [0][-]{chapter*.7}{\315ndice de tablas}{}% 5
\BOOKMARK [0][-]{chapter*.8}{\315ndice de figuras}{}% 6
\BOOKMARK [0][-]{chapter*.9}{\315ndice de listados}{}% 7
\BOOKMARK [0][-]{chapter*.10}{Listado de acr\363nimos}{}% 8
\BOOKMARK [0][-]{chapter.1}{Introducci\363n}{}% 9
\BOOKMARK [1][-]{section.1.1}{Estructura de la Memoria}{chapter.1}% 10
\BOOKMARK [0][-]{chapter.2}{Objetivos}{}% 11
\BOOKMARK [1][-]{section.2.1}{Objetivo General}{chapter.2}% 12
\BOOKMARK [1][-]{section.2.2}{Objetivos Espec\355ficos}{chapter.2}% 13
\BOOKMARK [2][-]{subsection.2.2.1}{Objetivo I: Implementar un Marco de Gesti\363n de Usuarios Vinculado al Contexto Educativo}{section.2.2}% 14
\BOOKMARK [2][-]{subsection.2.2.2}{Objetivo II: Proporcionar un Entorno de Ejecuci\363n Multiplataforma}{section.2.2}% 15
\BOOKMARK [2][-]{subsection.2.2.3}{Objetivo III: Implementar un Mecanismo de Monitorizaci\363n Activa del Tipo y Contenido de los Mensajes}{section.2.2}% 16
\BOOKMARK [2][-]{subsection.2.2.4}{Objetivo IV: Integraci\363n de la Aplicaci\363n con Google Calendar}{section.2.2}% 17
\BOOKMARK [2][-]{subsection.2.2.5}{Objetivo V: Implementar Mecanismos que Permitan Comunicaciones Privadas Docente-Tutores Legales del Alumno}{section.2.2}% 18
\BOOKMARK [0][-]{chapter.2}{Objectives}{}% 19
\BOOKMARK [1][-]{section.2.1}{Main Objective}{chapter.2}% 20
\BOOKMARK [1][-]{section.2.2}{Specific Objectives}{chapter.2}% 21
\BOOKMARK [2][-]{subsection.2.2.1}{Objective I: Implement an User Management Frame Linked to the Educational Context}{section.2.2}% 22
\BOOKMARK [2][-]{subsection.2.2.2}{Objective II: Provide a Multiplatform Environment}{section.2.2}% 23
\BOOKMARK [2][-]{subsection.2.2.3}{Objective III: Implement an active monitorization mechanism of the type and message content}{section.2.2}% 24
\BOOKMARK [2][-]{subsection.2.2.4}{Objective IV: Integration with Google Calendar}{section.2.2}% 25
\BOOKMARK [2][-]{subsection.2.2.5}{Objective V: Implement mechanisms to allow private communications teachers-legal guardians}{section.2.2}% 26
\BOOKMARK [0][-]{chapter.3}{Antecedentes}{}% 27
\BOOKMARK [1][-]{section.3.1}{WhatsApp}{chapter.3}% 28
\BOOKMARK [2][-]{subsection.3.1.1}{Funcionalidades para los Usuarios}{section.3.1}% 29
\BOOKMARK [2][-]{subsection.3.1.2}{Funcionalidades para los Desarrolladores}{section.3.1}% 30
\BOOKMARK [1][-]{section.3.2}{Telegram}{chapter.3}% 31
\BOOKMARK [2][-]{subsection.3.2.1}{Funcionalidades para los Usuarios}{section.3.2}% 32
\BOOKMARK [2][-]{subsection.3.2.2}{Funcionalidades para los Desarrolladores}{section.3.2}% 33
\BOOKMARK [1][-]{section.3.3}{Slack}{chapter.3}% 34
\BOOKMARK [2][-]{subsection.3.3.1}{Funcionalidades para los Usuarios}{section.3.3}% 35
\BOOKMARK [2][-]{subsection.3.3.2}{Funcionalidades para los Desarrolladores}{section.3.3}% 36
\BOOKMARK [1][-]{section.3.4}{Skype}{chapter.3}% 37
\BOOKMARK [2][-]{subsection.3.4.1}{Funcionalidades para los Usuarios}{section.3.4}% 38
\BOOKMARK [2][-]{subsection.3.4.2}{Funcionalidades para los Desarrolladores}{section.3.4}% 39
\BOOKMARK [1][-]{section.3.5}{Signal}{chapter.3}% 40
\BOOKMARK [2][-]{subsection.3.5.1}{Funcionalidades para los Usuarios}{section.3.5}% 41
\BOOKMARK [2][-]{subsection.3.5.2}{Funcionalidades para los Desarrolladores}{section.3.5}% 42
\BOOKMARK [1][-]{section.3.6}{Wickr}{chapter.3}% 43
\BOOKMARK [2][-]{subsection.3.6.1}{Funcionalidades para los Usuarios}{section.3.6}% 44
\BOOKMARK [2][-]{subsection.3.6.2}{Funcionalidades para los Desarrolladores}{section.3.6}% 45
\BOOKMARK [1][-]{section.3.7}{Comparaci\363n de Alternativas}{chapter.3}% 46
\BOOKMARK [1][-]{section.3.8}{Aplicaciones Especializadas}{chapter.3}% 47
\BOOKMARK [2][-]{subsection.3.8.1}{miColegioApp}{section.3.8}% 48
\BOOKMARK [2][-]{subsection.3.8.2}{BabyNotez}{section.3.8}% 49
\BOOKMARK [2][-]{subsection.3.8.3}{TokApp School}{section.3.8}% 50
\BOOKMARK [0][-]{chapter.4}{Metodolog\355a}{}% 51
\BOOKMARK [1][-]{section.4.1}{Metodolog\355a de Gesti\363n de Proyectos: Scrum}{chapter.4}% 52
\BOOKMARK [2][-]{subsection.4.1.1}{Teor\355a de Scrum}{section.4.1}% 53
\BOOKMARK [2][-]{subsection.4.1.2}{El equipo de Scrum}{section.4.1}% 54
\BOOKMARK [2][-]{subsection.4.1.3}{Eventos de Scrum}{section.4.1}% 55
\BOOKMARK [2][-]{subsection.4.1.4}{Artefactos de Scrum}{section.4.1}% 56
\BOOKMARK [1][-]{section.4.2}{Metodolog\355a de Desarrollo de Software: Iterativo e Incremental}{chapter.4}% 57
\BOOKMARK [1][-]{section.4.3}{Recursos}{chapter.4}% 58
\BOOKMARK [2][-]{subsection.4.3.1}{Recursos Hardware}{section.4.3}% 59
\BOOKMARK [2][-]{subsection.4.3.2}{Recursos Software}{section.4.3}% 60
\BOOKMARK [0][-]{chapter.5}{Resultados}{}% 61
\BOOKMARK [1][-]{section.5.1}{Planificaci\363n Inicial \(Sprint 0\)}{chapter.5}% 62
\BOOKMARK [2][-]{subsection.5.1.1}{Pila de Producto}{section.5.1}% 63
\BOOKMARK [2][-]{subsection.5.1.2}{Costes del Proyecto}{section.5.1}% 64
\BOOKMARK [2][-]{subsection.5.1.3}{Planificaci\363n Temporal}{section.5.1}% 65
\BOOKMARK [2][-]{subsection.5.1.4}{Diagrama de Casos de Uso}{section.5.1}% 66
\BOOKMARK [1][-]{section.5.2}{Sprint 1: Dise\361o de una Plataforma Web para la Gesti\363n de los Usuarios}{chapter.5}% 67
\BOOKMARK [2][-]{subsection.5.2.1}{Planificaci\363n del Sprint}{section.5.2}% 68
\BOOKMARK [2][-]{subsection.5.2.2}{Tareas del Sprint}{section.5.2}% 69
\BOOKMARK [1][-]{section.5.3}{Sprint 2: Creaci\363n de la Aplicaci\363n Android y Creaci\363n de Chats}{chapter.5}% 70
\BOOKMARK [2][-]{subsection.5.3.1}{Planificaci\363n del Sprint}{section.5.3}% 71
\BOOKMARK [2][-]{subsection.5.3.2}{Tareas del Sprint}{section.5.3}% 72
\BOOKMARK [1][-]{section.5.4}{Sprint 3: An\341lisis del Tono y Categorizaci\363n de los Mensajes}{chapter.5}% 73
\BOOKMARK [2][-]{subsection.5.4.1}{Planificaci\363n del Sprint}{section.5.4}% 74
\BOOKMARK [2][-]{subsection.5.4.2}{Tareas del Sprint}{section.5.4}% 75
\BOOKMARK [1][-]{section.5.5}{Sprint 4: Integraci\363n de Google Calendar y Desarrollo de Funcionalidades Adicionales}{chapter.5}% 76
\BOOKMARK [2][-]{subsection.5.5.1}{Planificaci\363n del Sprint}{section.5.5}% 77
\BOOKMARK [2][-]{subsection.5.5.2}{Tareas del Sprint}{section.5.5}% 78
\BOOKMARK [0][-]{chapter.6}{Conclusiones y Trabajos Futuros}{}% 79
\BOOKMARK [1][-]{section.6.1}{Conclusiones}{chapter.6}% 80
\BOOKMARK [1][-]{section.6.2}{Trabajos Futuros}{chapter.6}% 81
\BOOKMARK [0][-]{chapter.6}{Conclusions and Future Work}{}% 82
\BOOKMARK [1][-]{section.6.1}{Conclusions}{chapter.6}% 83
\BOOKMARK [1][-]{section.6.2}{Future Work}{chapter.6}% 84
\BOOKMARK [0][-]{appendix.Alph1}{Dise\361o de la Base de Datos}{}% 85
\BOOKMARK [0][-]{appendix.Alph2}{Protecci\363n de Datos de Car\341cter Personal}{}% 86
\BOOKMARK [0][-]{appendix.Alph3}{Manual de Usuario para el Administrador}{}% 87
\BOOKMARK [0][-]{appendix.Alph4}{Manual de Usuario para el Docente}{}% 88
\BOOKMARK [0][-]{appendix.Alph5}{Manual de Usuario para las Familias}{}% 89
\BOOKMARK [0][-]{appendix*.107}{Referencias}{}% 90
